<?xml version="1.0" encoding="UTF-8"?>
<testng-results ignored="0" total="1" passed="1" failed="0" skipped="0">
  <reporter-output>
  </reporter-output>
  <suite started-at="2023-06-02T16:27:18 IST" name="Suite" finished-at="2023-06-02T16:27:42 IST" duration-ms="24231">
    <groups>
    </groups>
    <test started-at="2023-06-02T16:27:18 IST" name="Test" finished-at="2023-06-02T16:27:42 IST" duration-ms="24231">
      <class name="com.Test_TC.verify_login_page">
        <test-method is-config="true" signature="initialization()[pri:0, instance:com.Test_TC.verify_login_page@c7ba306]" started-at="2023-06-02T16:27:16 IST" name="initialization" finished-at="2023-06-02T16:27:18 IST" duration-ms="1889" status="PASS">
          <reporter-output>
          </reporter-output>
        </test-method> <!-- initialization -->
        <test-method is-config="true" signature="setUp(java.lang.String)[pri:0, instance:com.Test_TC.verify_login_page@c7ba306]" started-at="2023-06-02T16:27:18 IST" name="setUp" finished-at="2023-06-02T16:27:33 IST" duration-ms="15162" status="PASS">
          <params>
            <param index="0">
              <value>
                <![CDATA[chrome]]>
              </value>
            </param>
          </params>
          <reporter-output>
          </reporter-output>
        </test-method> <!-- setUp -->
        <test-method signature="verify_loginpage()[pri:0, instance:com.Test_TC.verify_login_page@c7ba306]" started-at="2023-06-02T16:27:33 IST" name="verify_loginpage" finished-at="2023-06-02T16:27:41 IST" duration-ms="7150" status="PASS">
          <reporter-output>
          </reporter-output>
        </test-method> <!-- verify_loginpage -->
        <test-method is-config="true" signature="tearDown()[pri:0, instance:com.Test_TC.verify_login_page@c7ba306]" started-at="2023-06-02T16:27:41 IST" name="tearDown" finished-at="2023-06-02T16:27:42 IST" duration-ms="1397" status="PASS">
          <reporter-output>
          </reporter-output>
        </test-method> <!-- tearDown -->
      </class> <!-- com.Test_TC.verify_login_page -->
    </test> <!-- Test -->
  </suite> <!-- Suite -->
</testng-results>
